#
# There is insufficient memory for the Java Runtime Environment to continue.
# Native memory allocation (mmap) failed to map 234881024 bytes for G1 virtual space
# Possible reasons:
#   The system is out of physical RAM or swap space
#   The process is running with CompressedOops enabled, and the Java Heap may be blocking the growth of the native heap
# Possible solutions:
#   Reduce memory load on the system
#   Increase physical memory or swap space
#   Check if swap backing store is full
#   Decrease Java heap size (-Xmx/-Xms)
#   Decrease number of Java threads
#   Decrease Java thread stack sizes (-Xss)
#   Set larger code cache with -XX:ReservedCodeCacheSize=
#   JVM is running with Zero Based Compressed Oops mode in which the Java heap is
#     placed in the first 32GB address space. The Java Heap base address is the
#     maximum limit for the native heap growth. Please use -XX:HeapBaseMinAddress
#     to set the Java Heap base and to place the Java Heap above 32GB virtual address.
# This output file may be truncated or incomplete.
#
#  Out of Memory Error (os_windows.cpp:3825), pid=7256, tid=13736
#
# JRE version:  (17.0.10+8) (build )
# Java VM: OpenJDK 64-Bit Server VM (17.0.10+8-b1207.12, mixed mode, sharing, tiered, compressed oops, compressed class ptrs, g1 gc, windows-amd64)
# No core dump will be written. Minidumps are not enabled by default on client versions of Windows
#

---------------  S U M M A R Y ------------

Command Line: git4idea.http.GitAskPassApp Username for 'https://github.com': 

Host: AMD Ryzen 5 5600G with Radeon Graphics         , 12 cores, 13G,  Windows 10 , 64 bit Build 19041 (10.0.19041.3636)
Time: Fri Apr 26 16:14:29 2024 Afr. centrale Ouest elapsed time: 0.006565 seconds (0d 0h 0m 0s)

---------------  T H R E A D  ---------------

Current thread (0x000001875a7a09c0):  JavaThread "Unknown thread" [_thread_in_vm, id=13736, stack(0x0000005f5d600000,0x0000005f5d700000)]

Stack: [0x0000005f5d600000,0x0000005f5d700000]
Native frames: (J=compiled Java code, j=interpreted, Vv=VM code, C=native code)
V  [jvm.dll+0x687989]
V  [jvm.dll+0x84116a]
V  [jvm.dll+0x842dae]
V  [jvm.dll+0x843413]
V  [jvm.dll+0x249ccf]
V  [jvm.dll+0x684759]
V  [jvm.dll+0x67900a]
V  [jvm.dll+0x30ab0b]
V  [jvm.dll+0x311fb6]
V  [jvm.dll+0x361d5e]
V  [jvm.dll+0x361f8f]
V  [jvm.dll+0x2e07f8]
V  [jvm.dll+0x2e1764]
V  [jvm.dll+0x811c31]
V  [jvm.dll+0x36fc11]
V  [jvm.dll+0x7f0666]
V  [jvm.dll+0x3f3daf]
V  [jvm.dll+0x3f5a41]
C  [jli.dll+0x528f]
C  [ucrtbase.dll+0x21bb2]
C  [KERNEL32.DLL+0x17344]
C  [ntdll.dll+0x526b1]


---------------  P R O C E S S  ---------------

Threads class SMR info:
_java_thread_list=0x00007ffc0abbdf58, length=0, elements={
}

Java Threads: ( => current thread )

Other Threads:
  0x000001875a802ef0 GCTaskThread "GC Thread#0" [stack: 0x0000005f5d700000,0x0000005f5d800000] [id=2624]
  0x000001875a812370 ConcurrentGCThread "G1 Main Marker" [stack: 0x0000005f5d800000,0x0000005f5d900000] [id=1128]
  0x000001875a813ca0 ConcurrentGCThread "G1 Conc#0" [stack: 0x0000005f5d900000,0x0000005f5da00000] [id=15504]

[error occurred during error reporting (printing all threads), id 0xc0000005, EXCEPTION_ACCESS_VIOLATION (0xc0000005) at pc=0x00007ffc0a3713c7]

VM state: not at safepoint (not fully initialized)

VM Mutex/Monitor currently owned by a thread:  ([mutex/lock_event])
[0x000001875a79acc0] Heap_lock - owner thread: 0x000001875a7a09c0

Heap address: 0x0000000721600000, size: 3562 MB, Compressed Oops mode: Zero based, Oop shift amount: 3

CDS archive(s) mapped at: [0x0000000000000000-0x0000000000000000-0x0000000000000000), size 0, SharedBaseAddress: 0x0000000800000000, ArchiveRelocationMode: 1.
Narrow klass base: 0x0000000000000000, Narrow klass shift: 0, Narrow klass range: 0x0

GC Precious Log:
<Empty>

Heap:
 garbage-first heap   total 0K, used 0K [0x0000000721600000, 0x0000000800000000)
  region size 2048K, 0 young (0K), 0 survivors (0K)
 Metaspace       used 0K, committed 0K, reserved 0K
  class space    used 0K, committed 0K, reserved 0K

Heap Regions: E=young(eden), S=young(survivor), O=old, HS=humongous(starts), HC=humongous(continues), CS=collection set, F=free, OA=open archive, CA=closed archive, TAMS=top-at-mark-start (previous, next)

Card table byte_map: [0x000001876fa80000,0x0000018770180000] _byte_map_base: 0x000001876c175000

Marking Bits (Prev, Next): (CMBitMap*) 0x000001875a803410, (CMBitMap*) 0x000001875a803450
 Prev Bits: [0x0000018770880000, 0x0000018774028000)
 Next Bits: [0x0000018774030000, 0x00000187777d8000)

GC Heap History (0 events):
No events

Dll operation events (1 events):
Event: 0.004 Loaded shared library C:\Program Files\JetBrains\IntelliJ IDEA 2024.1\jbr\bin\java.dll

Deoptimization events (0 events):
No events

Classes unloaded (0 events):
No events

Classes redefined (0 events):
No events

Internal exceptions (0 events):
No events

VM Operations (0 events):
No events

Events (0 events):
No events


Dynamic libraries:
0x00007ff6e0f10000 - 0x00007ff6e0f1a000 	C:\Program Files\JetBrains\IntelliJ IDEA 2024.1\jbr\bin\java.exe
0x00007ffc56550000 - 0x00007ffc56748000 	C:\Windows\SYSTEM32\ntdll.dll
0x00007ffc550a0000 - 0x00007ffc5515d000 	C:\Windows\System32\KERNEL32.DLL
0x00007ffc53d10000 - 0x00007ffc54006000 	C:\Windows\System32\KERNELBASE.dll
0x00007ffc54010000 - 0x00007ffc54110000 	C:\Windows\System32\ucrtbase.dll
0x00007ffc09ca0000 - 0x00007ffc09cb7000 	C:\Program Files\JetBrains\IntelliJ IDEA 2024.1\jbr\bin\jli.dll
0x00007ffc3ff00000 - 0x00007ffc3ff1b000 	C:\Program Files\JetBrains\IntelliJ IDEA 2024.1\jbr\bin\VCRUNTIME140.dll
0x00007ffc54e30000 - 0x00007ffc54fcf000 	C:\Windows\System32\USER32.dll
0x00007ffc54110000 - 0x00007ffc54132000 	C:\Windows\System32\win32u.dll
0x00007ffc3f290000 - 0x00007ffc3f52a000 	C:\Windows\WinSxS\amd64_microsoft.windows.common-controls_6595b64144ccf1df_6.0.19041.3636_none_60b6a03d71f818d5\COMCTL32.dll
0x00007ffc56430000 - 0x00007ffc5645b000 	C:\Windows\System32\GDI32.dll
0x00007ffc54d90000 - 0x00007ffc54e2e000 	C:\Windows\System32\msvcrt.dll
0x00007ffc54140000 - 0x00007ffc54257000 	C:\Windows\System32\gdi32full.dll
0x00007ffc53c70000 - 0x00007ffc53d0d000 	C:\Windows\System32\msvcp_win.dll
0x00007ffc55820000 - 0x00007ffc55852000 	C:\Windows\System32\IMM32.DLL
0x00007ffc43070000 - 0x00007ffc4307c000 	C:\Program Files\JetBrains\IntelliJ IDEA 2024.1\jbr\bin\vcruntime140_1.dll
0x00007ffc19340000 - 0x00007ffc193cd000 	C:\Program Files\JetBrains\IntelliJ IDEA 2024.1\jbr\bin\msvcp140.dll
0x00007ffc0a080000 - 0x00007ffc0ad02000 	C:\Program Files\JetBrains\IntelliJ IDEA 2024.1\jbr\bin\server\jvm.dll
0x00007ffc54c50000 - 0x00007ffc54d00000 	C:\Windows\System32\ADVAPI32.dll
0x00007ffc55310000 - 0x00007ffc553b0000 	C:\Windows\System32\sechost.dll
0x00007ffc545e0000 - 0x00007ffc54703000 	C:\Windows\System32\RPCRT4.dll
0x00007ffc54410000 - 0x00007ffc54437000 	C:\Windows\System32\bcrypt.dll
0x00007ffc1a310000 - 0x00007ffc1a319000 	C:\Windows\SYSTEM32\WSOCK32.dll
0x00007ffc4b550000 - 0x00007ffc4b577000 	C:\Windows\SYSTEM32\WINMM.dll
0x00007ffc539b0000 - 0x00007ffc539fb000 	C:\Windows\SYSTEM32\POWRPROF.dll
0x00007ffc4b880000 - 0x00007ffc4b88a000 	C:\Windows\SYSTEM32\VERSION.dll
0x00007ffc55030000 - 0x00007ffc5509b000 	C:\Windows\System32\WS2_32.dll
0x00007ffc53990000 - 0x00007ffc539a2000 	C:\Windows\SYSTEM32\UMPDC.dll
0x00007ffc51ab0000 - 0x00007ffc51ac2000 	C:\Windows\SYSTEM32\kernel.appcore.dll
0x00007ffc0c2a0000 - 0x00007ffc0c2aa000 	C:\Program Files\JetBrains\IntelliJ IDEA 2024.1\jbr\bin\jimage.dll
0x00007ffc4d380000 - 0x00007ffc4d564000 	C:\Windows\SYSTEM32\DBGHELP.DLL
0x00007ffc3c1a0000 - 0x00007ffc3c1d4000 	C:\Windows\SYSTEM32\dbgcore.DLL
0x00007ffc54440000 - 0x00007ffc544c2000 	C:\Windows\System32\bcryptPrimitives.dll
0x00007ffc0c270000 - 0x00007ffc0c295000 	C:\Program Files\JetBrains\IntelliJ IDEA 2024.1\jbr\bin\java.dll

dbghelp: loaded successfully - version: 4.0.5 - missing functions: none
symbol engine: initialized successfully - sym options: 0x614 - pdb path: .;C:\Program Files\JetBrains\IntelliJ IDEA 2024.1\jbr\bin;C:\Windows\SYSTEM32;C:\Windows\WinSxS\amd64_microsoft.windows.common-controls_6595b64144ccf1df_6.0.19041.3636_none_60b6a03d71f818d5;C:\Program Files\JetBrains\IntelliJ IDEA 2024.1\jbr\bin\server

VM Arguments:
java_command: git4idea.http.GitAskPassApp Username for 'https://github.com': 
java_class_path (initial): C:/Program Files/JetBrains/IntelliJ IDEA 2024.1/plugins/vcs-git/lib/git4idea-rt.jar;C:/Program Files/JetBrains/IntelliJ IDEA 2024.1/lib/externalProcess-rt.jar
Launcher Type: SUN_STANDARD

[Global flags]
     intx CICompilerCount                          = 4                                         {product} {ergonomic}
     uint ConcGCThreads                            = 3                                         {product} {ergonomic}
     uint G1ConcRefinementThreads                  = 10                                        {product} {ergonomic}
   size_t G1HeapRegionSize                         = 2097152                                   {product} {ergonomic}
    uintx GCDrainStackTargetSize                   = 64                                        {product} {ergonomic}
   size_t InitialHeapSize                          = 234881024                                 {product} {ergonomic}
   size_t MarkStackSize                            = 4194304                                   {product} {ergonomic}
   size_t MaxHeapSize                              = 3735027712                                {product} {ergonomic}
   size_t MinHeapDeltaBytes                        = 2097152                                   {product} {ergonomic}
   size_t MinHeapSize                              = 8388608                                   {product} {ergonomic}
    uintx NonNMethodCodeHeapSize                   = 5839372                                {pd product} {ergonomic}
    uintx NonProfiledCodeHeapSize                  = 122909434                              {pd product} {ergonomic}
    uintx ProfiledCodeHeapSize                     = 122909434                              {pd product} {ergonomic}
    uintx ReservedCodeCacheSize                    = 251658240                              {pd product} {ergonomic}
     bool SegmentedCodeCache                       = true                                      {product} {ergonomic}
   size_t SoftMaxHeapSize                          = 3735027712                             {manageable} {ergonomic}
     bool UseCompressedClassPointers               = true                           {product lp64_product} {ergonomic}
     bool UseCompressedOops                        = true                           {product lp64_product} {ergonomic}
     bool UseG1GC                                  = true                                      {product} {ergonomic}
     bool UseLargePagesIndividualAllocation        = false                                  {pd product} {ergonomic}

Logging:
Log output configuration:
 #0: stdout all=warning uptime,level,tags
 #1: stderr all=off uptime,level,tags

Environment Variables:
PATH=C:\Program Files\Git\mingw64\libexec\git-core;C:\Program Files\Git\mingw64\libexec\git-core;C:\Program Files\Git\mingw64\bin;C:\Program Files\Git\usr\bin;C:\Users\Aziz\bin;C:\Program Files\Eclipse Adoptium\jdk-17.0.6.10-hotspot\bin;C:\Program Files\Common Files\Oracle\Java\javapath;C:\Program Files (x86)\Common Files\Oracle\Java\java8path;C:\Program Files (x86)\Common Files\Oracle\Java\javapath;C:\Windows\system32;C:\Windows;C:\Windows\System32\Wbem;C:\Windows\System32\WindowsPowerShell\v1.0;C:\Windows\System32\OpenSSH;C:\Program Files\Git\cmd;C:\Program Files (x86)\Windows Kits\10\Windows Performance Toolkit;C:\Program Files\nodejs;C:\Program Files\dotnet;C:\Users\Aziz\AppData\Local\Microsoft\WindowsApps;C:\Program Files\JetBrains\IntelliJ IDEA 2023.1.1\bin;C:\Users\Aziz\AppData\Local\Programs\Microsoft VS Code\bin;C:\src\flutter\bin;C:\tools\dart-sdk\bin;C:\Users\Aziz\AppData\Roaming\npm;C:\Users\Aziz\AppData\Local\GitHubDesktop\bin
USERNAME=Aziz
DISPLAY=:0.0
LC_ALL=en_US.UTF-8
TERM=xterm-256color
TMPDIR=C:\Users\Aziz\AppData\Local\Temp
OS=Windows_NT
PROCESSOR_IDENTIFIER=AMD64 Family 25 Model 80 Stepping 0, AuthenticAMD
TMP=C:\Users\Aziz\AppData\Local\Temp
TEMP=C:\Users\Aziz\AppData\Local\Temp



Periodic native trim disabled

JNI global refs:
JNI global refs: 0, weak refs: 0

JNI global refs memory usage: 0, weak refs: 0

OOME stack traces (most recent first):
Classloader memory used:


---------------  S Y S T E M  ---------------

OS:
 Windows 10 , 64 bit Build 19041 (10.0.19041.3636)
OS uptime: 0 days 4:03 hours

CPU: total 12 (initial active 12) (12 cores per cpu, 2 threads per core) family 25 model 80 stepping 0 microcode 0x0, cx8, cmov, fxsr, ht, mmx, 3dnowpref, sse, sse2, sse3, ssse3, sse4a, sse4.1, sse4.2, popcnt, lzcnt, tsc, tscinvbit, avx, avx2, aes, erms, clmul, bmi1, bmi2, adx, sha, fma, vzeroupper, clflush, clflushopt
Processor Information for all 12 processors :
  Max Mhz: 3900, Current Mhz: 3900, Mhz Limit: 3900

Memory: 4k page, system-wide physical 14245M (3906M free)
TotalPageFile size 16293M (AvailPageFile size 166M)
current process WorkingSet (physical memory assigned to process): 10M, peak: 10M
current process commit charge ("private bytes"): 64M, peak: 288M

vm_info: OpenJDK 64-Bit Server VM (17.0.10+8-b1207.12) for windows-amd64 JRE (17.0.10+8-b1207.12), built on 2024-03-15 by "builduser" with MS VC++ 16.10 / 16.11 (VS2019)

END.
